This file contains any messages produced by compilers while
running configure, to aid debugging if configure makes a mistake.

It was created by Haskell curl package configure 1.1, which was
generated by GNU Autoconf 2.61.  Invocation command line was

  $ configure --with-compiler=ghc --prefix=/Users/andrew

## --------- ##
## Platform. ##
## --------- ##

hostname = wonko.local
uname -m = i386
uname -r = 10.6.0
uname -s = Darwin
uname -v = Darwin Kernel Version 10.6.0: Wed Nov 10 18:13:17 PST 2010; root:xnu-1504.9.26~3/RELEASE_I386

/usr/bin/uname -p = i386
/bin/uname -X     = unknown

/bin/arch              = unknown
/usr/bin/arch -k       = unknown
/usr/convex/getsysinfo = unknown
/usr/bin/hostinfo      = Mach kernel version:
	 Darwin Kernel Version 10.6.0: Wed Nov 10 18:13:17 PST 2010; root:xnu-1504.9.26~3/RELEASE_I386
Kernel configured for up to 2 processors.
2 processors are physically available.
2 processors are logically available.
Processor type: i486 (Intel 80486)
Processors active: 0 1
Primary memory available: 4.00 gigabytes
Default processor set: 75 tasks, 301 threads, 2 processors
Load average: 0.97, Mach factor: 1.02
/bin/machine           = unknown
/usr/bin/oslevel       = unknown
/bin/universe          = unknown

PATH: /Users/andrew/.cabal/bin
PATH: /Users/andrew/bin
PATH: /usr/bin
PATH: /bin
PATH: /usr/sbin
PATH: /sbin
PATH: /usr/local/bin
PATH: /usr/local/git/bin
PATH: /usr/texbin
PATH: /usr/X11/bin
PATH: /opt/local/bin
PATH: /opt/local/sbin
PATH: /Applications/Wireshark.app/Contents/Resources/bin
PATH: /Applications/Inkscape.app/Contents/Resources/bin


## ----------- ##
## Core tests. ##
## ----------- ##

configure:1697: checking for gcc
configure:1713: found /usr/bin/gcc
configure:1724: result: gcc
configure:1962: checking for C compiler version
configure:1969: gcc --version >&5
i686-apple-darwin10-gcc-4.2.1 (GCC) 4.2.1 (Apple Inc. build 5646)
Copyright (C) 2007 Free Software Foundation, Inc.
This is free software; see the source for copying conditions.  There is NO
warranty; not even for MERCHANTABILITY or FITNESS FOR A PARTICULAR PURPOSE.

configure:1972: $? = 0
configure:1979: gcc -v >&5
Using built-in specs.
Target: i686-apple-darwin10
Configured with: /var/tmp/gcc/gcc-5646~6/src/configure --disable-checking --enable-werror --prefix=/usr --mandir=/share/man --enable-languages=c,objc,c++,obj-c++ --program-transform-name=/^[cg][^.-]*$/s/$/-4.2/ --with-slibdir=/usr/lib --build=i686-apple-darwin10 --with-gxx-include-dir=/include/c++/4.2.1 --program-prefix=i686-apple-darwin10- --host=x86_64-apple-darwin10 --target=i686-apple-darwin10
Thread model: posix
gcc version 4.2.1 (Apple Inc. build 5646)
configure:1982: $? = 0
configure:1989: gcc -V >&5
gcc-4.2: argument to `-V' is missing
configure:1992: $? = 1
configure:2015: checking for C compiler default output file name
configure:2042: gcc    conftest.c  >&5
configure:2045: $? = 0
configure:2083: result: a.out
configure:2100: checking whether the C compiler works
configure:2110: ./a.out
configure:2113: $? = 0
configure:2130: result: yes
configure:2137: checking whether we are cross compiling
configure:2139: result: no
configure:2142: checking for suffix of executables
configure:2149: gcc -o conftest    conftest.c  >&5
configure:2152: $? = 0
configure:2176: result: 
configure:2182: checking for suffix of object files
configure:2208: gcc -c   conftest.c >&5
configure:2211: $? = 0
configure:2234: result: o
configure:2238: checking whether we are using the GNU C compiler
configure:2267: gcc -c   conftest.c >&5
configure:2273: $? = 0
configure:2290: result: yes
configure:2295: checking whether gcc accepts -g
configure:2325: gcc -c -g  conftest.c >&5
configure:2331: $? = 0
configure:2430: result: yes
configure:2447: checking for gcc option to accept ISO C89
configure:2521: gcc  -c -g -O2  conftest.c >&5
configure:2527: $? = 0
configure:2550: result: none needed
configure:2574: checking how to run the C preprocessor
configure:2614: gcc -E  conftest.c
configure:2620: $? = 0
configure:2651: gcc -E  conftest.c
conftest.c:8:28: error: ac_nonexistent.h: No such file or directory
configure:2657: $? = 1
configure: failed program was:
| /* confdefs.h.  */
| #define PACKAGE_NAME "Haskell curl package"
| #define PACKAGE_TARNAME "curl"
| #define PACKAGE_VERSION "1.1"
| #define PACKAGE_STRING "Haskell curl package 1.1"
| #define PACKAGE_BUGREPORT "dons@galois.com"
| /* end confdefs.h.  */
| #include <ac_nonexistent.h>
configure:2690: result: gcc -E
configure:2719: gcc -E  conftest.c
configure:2725: $? = 0
configure:2756: gcc -E  conftest.c
conftest.c:8:28: error: ac_nonexistent.h: No such file or directory
configure:2762: $? = 1
configure: failed program was:
| /* confdefs.h.  */
| #define PACKAGE_NAME "Haskell curl package"
| #define PACKAGE_TARNAME "curl"
| #define PACKAGE_VERSION "1.1"
| #define PACKAGE_STRING "Haskell curl package 1.1"
| #define PACKAGE_BUGREPORT "dons@galois.com"
| /* end confdefs.h.  */
| #include <ac_nonexistent.h>
configure:2813: gcc -E  conftest.c
configure:2819: $? = 0
configure:2980: creating ./config.status

## ---------------------- ##
## Running config.status. ##
## ---------------------- ##

This file was extended by Haskell curl package config.status 1.1, which was
generated by GNU Autoconf 2.61.  Invocation command line was

  CONFIG_FILES    = 
  CONFIG_HEADERS  = 
  CONFIG_LINKS    = 
  CONFIG_COMMANDS = 
  $ ./config.status 

on wonko.local

config.status:574: creating curl.buildinfo

## ---------------- ##
## Cache variables. ##
## ---------------- ##

ac_cv_c_compiler_gnu=yes
ac_cv_env_CC_set=
ac_cv_env_CC_value=
ac_cv_env_CFLAGS_set=
ac_cv_env_CFLAGS_value=
ac_cv_env_CPPFLAGS_set=
ac_cv_env_CPPFLAGS_value=
ac_cv_env_CPP_set=
ac_cv_env_CPP_value=
ac_cv_env_LDFLAGS_set=
ac_cv_env_LDFLAGS_value=
ac_cv_env_LIBS_set=
ac_cv_env_LIBS_value=
ac_cv_env_build_alias_set=
ac_cv_env_build_alias_value=
ac_cv_env_host_alias_set=
ac_cv_env_host_alias_value=
ac_cv_env_target_alias_set=
ac_cv_env_target_alias_value=
ac_cv_objext=o
ac_cv_prog_CPP='gcc -E'
ac_cv_prog_ac_ct_CC=gcc
ac_cv_prog_cc_c89=
ac_cv_prog_cc_g=yes

## ----------------- ##
## Output variables. ##
## ----------------- ##

BUILD_PACKAGE_BOOL='True'
CC='gcc'
CFLAGS='-g -O2'
CPP='gcc -E'
CPPFLAGS=''
CURL_BUILD_PACKAGE='yes'
DEFS='-DPACKAGE_NAME=\"Haskell\ curl\ package\" -DPACKAGE_TARNAME=\"curl\" -DPACKAGE_VERSION=\"1.1\" -DPACKAGE_STRING=\"Haskell\ curl\ package\ 1.1\" -DPACKAGE_BUGREPORT=\"dons@galois.com\"'
ECHO_C='ECHO_N=''
ECHO_T=''
EXEEXT=''
LDFLAGS=''
LIBOBJS=''
LIBS=''
LTLIBOBJS=''
OBJEXT='o'
PACKAGE_BUGREPORT='dons@galois.com'
PACKAGE_NAME='Haskell curl package'
PACKAGE_STRING='Haskell curl package 1.1'
PACKAGE_TARNAME='curl'
PACKAGE_VERSION='1.1'
PATH_SEPARATOR=':'
SHELL='/bin/sh'
ac_ct_CC='gcc'
bindir='${exec_prefix}/bin'
build_alias=''
datadir='${datarootdir}'
datarootdir='${prefix}/share'
docdir='${datarootdir}/doc/${PACKAGE_TARNAME}'
dvidir='${docdir}'
exec_prefix='${prefix}'
host_alias=''
htmldir='${docdir}'
includedir='${prefix}/include'
infodir='${datarootdir}/info'
libdir='${exec_prefix}/lib'
libexecdir='${exec_prefix}/libexec'
localedir='${datarootdir}/locale'
localstatedir='${prefix}/var'
mandir='${datarootdir}/man'
oldincludedir='/usr/include'
pdfdir='${docdir}'
prefix='/Users/andrew'
program_transform_name='s,x,x,'
psdir='${docdir}'
sbindir='${exec_prefix}/sbin'
sharedstatedir='${prefix}/com'
sysconfdir='${prefix}/etc'
target_alias=''

## ----------- ##
## confdefs.h. ##
## ----------- ##

#define PACKAGE_NAME "Haskell curl package"
#define PACKAGE_TARNAME "curl"
#define PACKAGE_VERSION "1.1"
#define PACKAGE_STRING "Haskell curl package 1.1"
#define PACKAGE_BUGREPORT "dons@galois.com"

configure: exit 0
